[0mGET / [32m200[0m 375.969 ms - 11032[0m
[0mGET /favicon.ico [33m404[0m 14.555 ms - 150[0m
[0mGET /users/sign-in [36m304[0m 9.261 ms - -[0m
[0mPOST /users/create-session [36m302[0m 58.563 ms - 46[0m
[0mGET / [32m200[0m 60.538 ms - 16401[0m
[0mPOST /posts/create [36m302[0m 33.962 ms - 44[0m
[0mGET / [32m200[0m 88.047 ms - 18013[0m
[0mPOST /posts/create [36m302[0m 16.488 ms - 44[0m
[0mGET / [32m200[0m 61.551 ms - 19634[0m
[0mPOST /posts/create [36m302[0m 13.228 ms - 44[0m
[0mGET / [32m200[0m 44.895 ms - 21255[0m
[0mPOST /posts/create [36m302[0m 11.814 ms - 44[0m
[0mGET / [32m200[0m 66.543 ms - 22876[0m
[0mPOST /posts/create [36m302[0m 14.867 ms - 44[0m
[0mGET / [32m200[0m 49.369 ms - 24497[0m
[0mPOST /posts/create [36m302[0m 12.589 ms - 44[0m
[0mGET / [32m200[0m 40.331 ms - 26118[0m
[0mGET / [32m200[0m 66.730 ms - 25827[0m
[0mPOST /posts/create [36m302[0m 13.812 ms - 44[0m
[0mGET / [32m200[0m 45.654 ms - 27740[0m
[0mPOST /posts/create [36m302[0m 15.547 ms - 44[0m
[0mGET / [32m200[0m 42.876 ms - 29362[0m
[0mPOST /posts/create [36m302[0m 15.273 ms - 44[0m
[0mGET / [32m200[0m 53.634 ms - 30984[0m
[0mPOST /posts/create [36m302[0m 14.029 ms - 44[0m
[0mGET / [32m200[0m 46.395 ms - 32606[0m
[0mGET / [32m200[0m 343.269 ms - 32315[0m
[0mPOST /posts/create [36m302[0m 16.633 ms - 44[0m
[0mGET / [32m200[0m 60.237 ms - 34227[0m
[0mGET / [32m200[0m 183.640 ms - 33936[0m
[0mPOST /posts/create [36m302[0m 37.880 ms - 44[0m
[0mGET / [32m200[0m 67.718 ms - 35849[0m
[0mGET / [32m200[0m 196.004 ms - 35558[0m
[0mPOST /posts/create [36m302[0m 36.589 ms - 44[0m
[0mGET / [32m200[0m 61.864 ms - 37471[0m
[0mGET / [32m200[0m 194.946 ms - 37180[0m
[0mPOST /posts/create [36m302[0m 38.105 ms - 44[0m
[0mGET / [32m200[0m 67.923 ms - 39093[0m
[0mGET / [32m200[0m 198.418 ms - 38802[0m
[0mPOST /posts/create [36m302[0m 38.433 ms - 44[0m
[0mGET / [32m200[0m 78.576 ms - 40716[0m
[0mGET / [32m200[0m 231.155 ms - 40425[0m
[0mPOST /posts/create [36m302[0m 35.641 ms - 44[0m
[0mGET / [32m200[0m 59.981 ms - 42337[0m
[0mGET / [32m200[0m 205.987 ms - 42046[0m
[0mPOST /posts/create [36m302[0m 58.134 ms - 44[0m
[0mGET / [32m200[0m 71.041 ms - 43958[0m
[0mGET / [32m200[0m 189.971 ms - 43667[0m
[0mPOST /posts/create [36m302[0m 59.057 ms - 44[0m
[0mGET / [32m200[0m 72.945 ms - 45578[0m
[0mGET / [32m200[0m 244.157 ms - 45287[0m
[0mPOST /posts/create [32m200[0m 43.224 ms - 262[0m
[0mPOST /posts/create [32m200[0m 25.545 ms - 263[0m
[0mGET / [32m200[0m 120.784 ms - 48530[0m
[0mPOST /posts/create [32m200[0m 26.995 ms - 268[0m
[0mGET / [32m200[0m 136.445 ms - 50157[0m
[0mGET / [36m304[0m 218.859 ms - -[0m
[0mPOST /posts/create [32m200[0m 37.459 ms - 263[0m
[0mGET / [32m200[0m 870.111 ms - 28142[0m
[0mGET /favicon.ico [33m404[0m 6.166 ms - 150[0m
[0mGET /users/sign-in [36m304[0m 90.320 ms - -[0m
[0mPOST /users/create-session [36m302[0m 86.715 ms - 46[0m
[0mGET / [32m200[0m 96.883 ms - 52079[0m
[0mGET /users/profile/61e30a1d747388f8b29faaf8 [32m200[0m 47.113 ms - 2128[0m
[0mGET /users/profile [33m404[0m 13.600 ms - 152[0m
[0mGET /users/sign-out [36m302[0m 9.901 ms - 46[0m
[0mGET / [32m200[0m 80.836 ms - 28440[0m
[0mGET /users/profile/61e5081639c25810514e5891 [36m302[0m 3.850 ms - 72[0m
[0mGET /users/sign-in [36m304[0m 8.364 ms - -[0m
[0mGET /users/profile/61e6a56aff0549615d3e4516 [36m302[0m 4.978 ms - 72[0m
[0mGET /users/sign-in [36m304[0m 6.585 ms - -[0m
